<?xml version="1.0" encoding="UTF-8"?>
<testng-results ignored="0" total="1" passed="1" failed="0" skipped="0">
  <reporter-output>
  </reporter-output>
  <suite started-at="2025-06-13T18:23:35 IST" name="Default suite" finished-at="2025-06-13T18:23:38 IST" duration-ms="2959">
    <groups>
    </groups>
    <test started-at="2025-06-13T18:23:35 IST" name="Default test" finished-at="2025-06-13T18:23:38 IST" duration-ms="2959">
      <class name="Day01.extractJSONDataUsingJsonPath">
        <test-method signature="usingJsonPathValidateJsonData()[pri:0, instance:Day01.extractJSONDataUsingJsonPath@505fc5a4]" started-at="2025-06-13T18:23:35 IST" name="usingJsonPathValidateJsonData" finished-at="2025-06-13T18:23:38 IST" duration-ms="2911" status="PASS">
          <reporter-output>
          </reporter-output>
        </test-method> <!-- usingJsonPathValidateJsonData -->
      </class> <!-- Day01.extractJSONDataUsingJsonPath -->
    </test> <!-- Default test -->
  </suite> <!-- Default suite -->
</testng-results>
